<?xml version="1.0" encoding="UTF-8"?>
<testng-results ignored="0" total="3" passed="3" failed="0" skipped="0">
  <reporter-output>
  </reporter-output>
  <suite started-at="2024-12-10T17:38:19 IST" name="Default suite" finished-at="2024-12-10T17:38:54 IST" duration-ms="35410">
    <groups>
    </groups>
    <test started-at="2024-12-10T17:38:19 IST" name="Default test" finished-at="2024-12-10T17:38:54 IST" duration-ms="35410">
      <class name="sfr.testcases.LoginPageTest">
        <test-method is-config="true" signature="setUp()[pri:0, instance:sfr.testcases.LoginPageTest@1aafa419]" started-at="2024-12-10T17:38:19 IST" name="setUp" finished-at="2024-12-10T17:38:24 IST" duration-ms="5664" status="PASS">
          <reporter-output>
          </reporter-output>
        </test-method> <!-- setUp -->
        <test-method signature="loginPageTitleTest()[pri:1, instance:sfr.testcases.LoginPageTest@1aafa419]" started-at="2024-12-10T17:38:24 IST" name="loginPageTitleTest" finished-at="2024-12-10T17:38:24 IST" duration-ms="27" status="PASS">
          <reporter-output>
          </reporter-output>
        </test-method> <!-- loginPageTitleTest -->
        <test-method is-config="true" signature="tearDown()[pri:0, instance:sfr.testcases.LoginPageTest@1aafa419]" started-at="2024-12-10T17:38:24 IST" name="tearDown" finished-at="2024-12-10T17:38:24 IST" duration-ms="231" status="PASS">
          <reporter-output>
          </reporter-output>
        </test-method> <!-- tearDown -->
        <test-method is-config="true" signature="setUp()[pri:0, instance:sfr.testcases.LoginPageTest@1aafa419]" started-at="2024-12-10T17:38:25 IST" name="setUp" finished-at="2024-12-10T17:38:29 IST" duration-ms="4447" status="PASS">
          <reporter-output>
          </reporter-output>
        </test-method> <!-- setUp -->
        <test-method signature="loginTest()[pri:2, instance:sfr.testcases.LoginPageTest@1aafa419]" started-at="2024-12-10T17:38:29 IST" name="loginTest" finished-at="2024-12-10T17:38:41 IST" duration-ms="12509" status="PASS">
          <reporter-output>
          </reporter-output>
        </test-method> <!-- loginTest -->
        <test-method is-config="true" signature="tearDown()[pri:0, instance:sfr.testcases.LoginPageTest@1aafa419]" started-at="2024-12-10T17:38:41 IST" name="tearDown" finished-at="2024-12-10T17:38:42 IST" duration-ms="279" status="PASS">
          <reporter-output>
          </reporter-output>
        </test-method> <!-- tearDown -->
        <test-method is-config="true" signature="setUp()[pri:0, instance:sfr.testcases.LoginPageTest@1aafa419]" started-at="2024-12-10T17:38:42 IST" name="setUp" finished-at="2024-12-10T17:38:46 IST" duration-ms="3940" status="PASS">
          <reporter-output>
          </reporter-output>
        </test-method> <!-- setUp -->
        <test-method signature="nylLogoImageTest()[pri:3, instance:sfr.testcases.LoginPageTest@1aafa419]" started-at="2024-12-10T17:38:46 IST" name="nylLogoImageTest" finished-at="2024-12-10T17:38:54 IST" duration-ms="7955" status="PASS">
          <reporter-output>
          </reporter-output>
        </test-method> <!-- nylLogoImageTest -->
        <test-method is-config="true" signature="tearDown()[pri:0, instance:sfr.testcases.LoginPageTest@1aafa419]" started-at="2024-12-10T17:38:54 IST" name="tearDown" finished-at="2024-12-10T17:38:54 IST" duration-ms="274" status="PASS">
          <reporter-output>
          </reporter-output>
        </test-method> <!-- tearDown -->
      </class> <!-- sfr.testcases.LoginPageTest -->
    </test> <!-- Default test -->
  </suite> <!-- Default suite -->
</testng-results>
