<?xml version="1.0" encoding="UTF-8"?>
<!-- Generated by org.testng.reporters.JUnitXMLReporter -->
<testsuite ignored="0" hostname="Yash" failures="0" tests="3" name="Default test" time="35.41" errors="0" timestamp="2024-12-10T17:38:54 IST">
  <testcase classname="sfr.testcases.LoginPageTest" name="loginPageTitleTest" time="0.027"/>
  <testcase classname="sfr.testcases.LoginPageTest" name="loginTest" time="12.509"/>
  <testcase classname="sfr.testcases.LoginPageTest" name="nylLogoImageTest" time="7.955"/>
</testsuite> <!-- Default test -->
